{"total": {"lines":{"total":16,"covered":16,"skipped":0,"pct":100},"statements":{"total":17,"covered":17,"skipped":0,"pct":100},"functions":{"total":5,"covered":5,"skipped":0,"pct":100},"branches":{"total":4,"covered":4,"skipped":0,"pct":100},"branchesTrue":{"total":0,"covered":0,"skipped":0,"pct":"Unknown"}}
,"/home/bio/Documentos/trybe-exercicios/desenvolvimento-back-end/bloco-30-mongodb-com-node-js-e-poo/dia-01-mongoose-e-arquitetura-msc-camada-model/exercicios/src/models/Frame.ts": {"lines":{"total":5,"covered":5,"skipped":0,"pct":100},"functions":{"total":1,"covered":1,"skipped":0,"pct":100},"statements":{"total":5,"covered":5,"skipped":0,"pct":100},"branches":{"total":1,"covered":1,"skipped":0,"pct":100}}
,"/home/bio/Documentos/trybe-exercicios/desenvolvimento-back-end/bloco-30-mongodb-com-node-js-e-poo/dia-01-mongoose-e-arquitetura-msc-camada-model/exercicios/src/models/Lens.ts": {"lines":{"total":5,"covered":5,"skipped":0,"pct":100},"functions":{"total":1,"covered":1,"skipped":0,"pct":100},"statements":{"total":5,"covered":5,"skipped":0,"pct":100},"branches":{"total":1,"covered":1,"skipped":0,"pct":100}}
,"/home/bio/Documentos/trybe-exercicios/desenvolvimento-back-end/bloco-30-mongodb-com-node-js-e-poo/dia-01-mongoose-e-arquitetura-msc-camada-model/exercicios/src/models/MongoModel.ts": {"lines":{"total":6,"covered":6,"skipped":0,"pct":100},"functions":{"total":3,"covered":3,"skipped":0,"pct":100},"statements":{"total":7,"covered":7,"skipped":0,"pct":100},"branches":{"total":2,"covered":2,"skipped":0,"pct":100}}
}
